
*** LogCollector started at 1676392471 ***
[0m[1m[2023-02-14 16:34:31.944] [0m[32;1m(INFO)[0m [Producer.my_pd0 ]Receive an INI section
    <Configuration>
      <Section title="">
        <EUDAQ_LOG_ADDR>tcp://127.0.0.1:45021</EUDAQ_LOG_ADDR>
        <Name>/home/luke/eudaq/eudaq/user/scintcamera/misc/dummy.ini</Name>
      </Section>
    </Configuration>

[0m[1m[2023-02-14 16:34:31.944] [0m[32;1m(INFO)[0m [Producer.my_pd0 ]Producer.my_pd0 is to be initialised...
[0m[1m[2023-02-14 16:34:31.944] [0m[31;1m(DEBUG)[0m [Producer.my_pd0 ]Starting PROD INIT
[0m[1m[2023-02-14 16:34:32.044] [0m[32;1m(INFO)[0m [Monitor.my_mon ]Receive an INI section
    <Configuration>
      <Section title="">
        <EUDAQ_LOG_ADDR>tcp://127.0.0.1:45021</EUDAQ_LOG_ADDR>
        <Name>/home/luke/eudaq/eudaq/user/scintcamera/misc/dummy.ini</Name>
      </Section>
    </Configuration>

[0m[1m[2023-02-14 16:34:32.044] [0m[32;1m(INFO)[0m [Monitor.my_mon ]Monitor.my_mon is to be initialised...
[0m[1m[2023-02-14 16:34:32.044] [0m[32;1m(INFO)[0m [Monitor.my_mon ]TCPServer:: Listening on port 33463
[0m[1m[2023-02-14 16:34:32.241] [0m[31;1m(DEBUG)[0m [Producer.my_pd0 ]Number of Cameras: 1
[0m[1m[2023-02-14 16:34:32.502] [0m[31;1m(DEBUG)[0m [Producer.my_pd0 ]trying to open camera with Serial Number 0815-0000
[0m[1m[2023-02-14 16:34:32.502] [0m[31;1m(DEBUG)[0m [Producer.my_pd0 ]The current state of selected camera 1835098996
[0m[1m[2023-02-14 16:34:33.037] [0m[31;1m(DEBUG)[0m [Producer.my_pd0 ]Finished PROD INIT
[0m[1m[2023-02-14 16:34:33.037] [0m[32;1m(INFO)[0m [Producer.my_pd0 ]Producer.my_pd0 is initialised.
[0m[1m[2023-02-14 16:34:33.046] [0m[32;1m(INFO)[0m [Monitor.my_mon ]Monitor.my_mon is initialised.
[0m[1m[2023-02-14 16:34:34.766] [0m[32;1m(INFO)[0m [RunControl.RC-GUI ]Processing Configure command
[0m[1m[2023-02-14 16:34:34.767] [0m[32;1m(INFO)[0m [Producer.my_pd0 ]Receive a CONF section
    <Configuration>
      <Section title="">
        <LogCollector.log>tcp://127.0.0.1:45021</LogCollector.log>
        <Monitor.my_mon>tcp://127.0.0.1:33463</Monitor.my_mon>
        <Name>/home/luke/eudaq/eudaq/user/scintcamera/misc/dummy.conf</Name>
      </Section>
    </Configuration>

[0m[1m[2023-02-14 16:34:34.767] [0m[32;1m(INFO)[0m [Producer.my_pd0 ]Producer.my_pd0 is to be configured...
[0m[1m[2023-02-14 16:34:34.767] [0m[32;1m(INFO)[0m [Monitor.my_mon ]Receive a CONF section
    <Configuration>
      <Section title="">
        <LogCollector.log>tcp://127.0.0.1:45021</LogCollector.log>
        <Monitor.my_mon>tcp://127.0.0.1:33463</Monitor.my_mon>
        <Name>/home/luke/eudaq/eudaq/user/scintcamera/misc/dummy.conf</Name>
      </Section>
    </Configuration>

[0m[1m[2023-02-14 16:34:34.767] [0m[32;1m(INFO)[0m [Monitor.my_mon ]Monitor.my_mon is to be configured...
[0m[1m[2023-02-14 16:34:34.767] [0m[31;1m(DEBUG)[0m [Producer.my_pd0 ]Starting PROD CONF
[0m[1m[2023-02-14 16:34:34.767] [0m[31;1m(DEBUG)[0m [Producer.my_pd0 ]Finished PROD CONF
[0m[1m[2023-02-14 16:34:34.767] [0m[32;1m(INFO)[0m [Producer.my_pd0 ]Producer.my_pd0 is configured.
[0m[1m[2023-02-14 16:34:34.767] [0m[32;1m(INFO)[0m [Monitor.my_mon ]Monitor.my_mon is configured.
[0m[1m[2023-02-14 16:34:40.044] [0m[32;1m(INFO)[0m [RunControl.RC-GUI ]Processing StartRun command for RUN #12
[0m[1m[2023-02-14 16:34:40.144] [0m[32;1m(INFO)[0m [Monitor.my_mon ]RUN #12 is to be started...
[0m[1m[2023-02-14 16:34:40.144] [0m[32;1m(INFO)[0m [Monitor.my_mon ]RUN #12 is started.
[0m[1m[2023-02-14 16:34:42.244] [0m[32;1m(INFO)[0m [Producer.my_pd0 ]RUN #12 is to be started...
[0m[1m[2023-02-14 16:34:42.245] [0m[31;1m(DEBUG)[0m [Producer.my_pd0 ]Starting PROD STARTRUN
[0m[1m[2023-02-14 16:34:42.245] [0m[31;1m(DEBUG)[0m [Producer.my_pd0 ]Succesfully Opened Camera
[0m[1m[2023-02-14 16:34:42.245] [0m[31;1m(DEBUG)[0m [Producer.my_pd0 ]Selecting Test Image
[0m[1m[2023-02-14 16:34:42.245] [0m[31;1m(DEBUG)[0m [Producer.my_pd0 ]Test Image Succesfully Selected
[0m[1m[2023-02-14 16:34:42.246] [0m[31;1m(DEBUG)[0m [Producer.my_pd0 ]Finished PROF STARTRUN
[0m[1m[2023-02-14 16:34:42.246] [0m[32;1m(INFO)[0m [Producer.my_pd0 ]RUN #12 is started.
[0m[1m[2023-02-14 16:35:02.446] [0m[33;1m(WARN)[0m [Producer.my_pd0 ]CommandReceiver: User's RunLoop exits during the running (20 seconds ago)
[0m[1m[2023-02-14 16:35:05.919] [0m[32;1m(INFO)[0m [RunControl.RC-GUI ]Processing StopRun command for RUN #12
[0m[1m[2023-02-14 16:35:05.919] [0m[32;1m(INFO)[0m [Producer.my_pd0 ]RUN #12 is to be stopped...
[0m[1m[2023-02-14 16:35:05.947] [0m[32;1m(INFO)[0m [Producer.my_pd0 ]RUN #12 is stopped.
[0m[1m[2023-02-14 16:35:07.020] [0m[32;1m(INFO)[0m [Monitor.my_mon ]RUN #12 is to be stopped...
[0m[1m[2023-02-14 16:35:07.650] [0m[32;1m(INFO)[0m [Monitor.my_mon ]RUN #12 is stopped.
[0m[1m[2023-02-14 16:37:07.120] [0m[32;1m(INFO)[0m [RunControl.RC-GUI ]Processing Terminate command
