
*** LogCollector started at 1676328591 ***
[0m[1m[2023-02-13 22:49:51.428] [0m[32;1m(INFO)[0m [Monitor.my_mon ]Receive an INI section
    <Configuration>
      <Section title="">
        <EUDAQ_LOG_ADDR>tcp://127.0.0.1:43367</EUDAQ_LOG_ADDR>
        <Name>/home/luke/eudaq/eudaq/user/scintcamera/misc/dummy.ini</Name>
      </Section>
    </Configuration>

[0m[1m[2023-02-13 22:49:51.428] [0m[32;1m(INFO)[0m [Monitor.my_mon ]Monitor.my_mon is to be initialised...
[0m[1m[2023-02-13 22:49:51.428] [0m[32;1m(INFO)[0m [Monitor.my_mon ]TCPServer:: Listening on port 40145
[0m[1m[2023-02-13 22:49:51.529] [0m[32;1m(INFO)[0m [Producer.my_pd0 ]Receive an INI section
    <Configuration>
      <Section title="">
        <EUDAQ_LOG_ADDR>tcp://127.0.0.1:43367</EUDAQ_LOG_ADDR>
        <Name>/home/luke/eudaq/eudaq/user/scintcamera/misc/dummy.ini</Name>
      </Section>
    </Configuration>

[0m[1m[2023-02-13 22:49:51.529] [0m[32;1m(INFO)[0m [Producer.my_pd0 ]Producer.my_pd0 is to be initialised...
[0m[1m[2023-02-13 22:49:51.530] [0m[32;1m(INFO)[0m [Producer.my_pd0 ]Producer.my_pd0 is initialised.
[0m[1m[2023-02-13 22:49:52.429] [0m[32;1m(INFO)[0m [Monitor.my_mon ]Monitor.my_mon is initialised.
[0m[1m[2023-02-13 22:49:57.844] [0m[32;1m(INFO)[0m [RunControl.RC-GUI ]Processing Configure command
[0m[1m[2023-02-13 22:49:57.844] [0m[32;1m(INFO)[0m [Monitor.my_mon ]Receive a CONF section
    <Configuration>
      <Section title="">
        <LogCollector.log>tcp://127.0.0.1:43367</LogCollector.log>
        <Monitor.my_mon>tcp://127.0.0.1:40145</Monitor.my_mon>
        <Name>/home/luke/eudaq/eudaq/user/scintcamera/misc/dummy.conf</Name>
      </Section>
    </Configuration>

[0m[1m[2023-02-13 22:49:57.844] [0m[32;1m(INFO)[0m [Producer.my_pd0 ]Receive a CONF section
    <Configuration>
      <Section title="">
        <LogCollector.log>tcp://127.0.0.1:43367</LogCollector.log>
        <Monitor.my_mon>tcp://127.0.0.1:40145</Monitor.my_mon>
        <Name>/home/luke/eudaq/eudaq/user/scintcamera/misc/dummy.conf</Name>
      </Section>
    </Configuration>

[0m[1m[2023-02-13 22:49:57.844] [0m[32;1m(INFO)[0m [Monitor.my_mon ]Monitor.my_mon is to be configured...
[0m[1m[2023-02-13 22:49:57.844] [0m[32;1m(INFO)[0m [Producer.my_pd0 ]Producer.my_pd0 is to be configured...
[0m[1m[2023-02-13 22:49:57.845] [0m[32;1m(INFO)[0m [Monitor.my_mon ]Monitor.my_mon is configured.
[0m[1m[2023-02-13 22:49:57.845] [0m[32;1m(INFO)[0m [Producer.my_pd0 ]Producer.my_pd0 is configured.
[0m[1m[2023-02-13 22:50:01.191] [0m[32;1m(INFO)[0m [RunControl.RC-GUI ]Processing StartRun command for RUN #6
[0m[1m[2023-02-13 22:50:01.292] [0m[32;1m(INFO)[0m [Monitor.my_mon ]RUN #6 is to be started...
[0m[1m[2023-02-13 22:50:01.292] [0m[32;1m(INFO)[0m [Monitor.my_mon ]RUN #6 is started.
[0m[1m[2023-02-13 22:50:03.392] [0m[32;1m(INFO)[0m [Producer.my_pd0 ]RUN #6 is to be started...
[0m[1m[2023-02-13 22:50:26.471] [0m[32;1m(INFO)[0m [RunControl.RC-GUI ]Processing Reset command for connection 
[0m[1m[2023-02-13 22:50:26.471] [0m[32;1m(INFO)[0m [Producer.my_pd0 ]Producer.my_pd0 is to be reset...
[0m[1m[2023-02-13 22:50:26.471] [0m[32;1m(INFO)[0m [Producer.my_pd0 ]Producer.my_pd0 is reset.
[0m[1m[2023-02-13 22:50:30.311] [0m[32;1m(INFO)[0m [RunControl.RC-GUI ]Processing Initialise command for my_pd0
[0m[1m[2023-02-13 22:50:30.311] [0m[32;1m(INFO)[0m [Producer.my_pd0 ]Receive an INI section
    <Configuration>
      <Section title="">
        <Name>/home/luke/eudaq/eudaq/user/scintcamera/misc/dummy.ini</Name>
      </Section>
    </Configuration>

[0m[1m[2023-02-13 22:50:30.311] [0m[32;1m(INFO)[0m [Producer.my_pd0 ]Producer.my_pd0 is to be initialised...
[0m[1m[2023-02-13 22:50:30.312] [0m[32;1m(INFO)[0m [Producer.my_pd0 ]Producer.my_pd0 is initialised.
[0m[1m[2023-02-13 22:50:35.575] [0m[32;1m(INFO)[0m [RunControl.RC-GUI ]Processing Configure command for connection 
[0m[1m[2023-02-13 22:50:35.575] [0m[32;1m(INFO)[0m [Producer.my_pd0 ]Receive a CONF section
    <Configuration>
      <Section title="">
        <Name>/home/luke/eudaq/eudaq/user/scintcamera/misc/dummy.conf</Name>
      </Section>
    </Configuration>

[0m[1m[2023-02-13 22:50:35.575] [0m[32;1m(INFO)[0m [Producer.my_pd0 ]Producer.my_pd0 is to be configured...
[0m[1m[2023-02-13 22:50:35.576] [0m[32;1m(INFO)[0m [Producer.my_pd0 ]Producer.my_pd0 is configured.
[0m[1m[2023-02-13 22:50:38.813] [0m[32;1m(INFO)[0m [RunControl.RC-GUI ]Processing StartRun command for connection  and RUN #6
[0m[1m[2023-02-13 22:50:38.813] [0m[32;1m(INFO)[0m [Producer.my_pd0 ]RUN #6 is to be started...
[0m[1m[2023-02-13 23:02:52.648] [0m[32;1m(INFO)[0m [RunControl.RC-GUI ]Processing Terminate command
