
*** LogCollector started at 1676385932 ***
[0m[1m[2023-02-14 14:45:32.878] [0m[32;1m(INFO)[0m [Monitor.my_mon ]Receive an INI section
    <Configuration>
      <Section title="">
        <EUDAQ_LOG_ADDR>tcp://127.0.0.1:38497</EUDAQ_LOG_ADDR>
        <Name>/home/luke/eudaq/eudaq/user/scintcamera/misc/dummy.ini</Name>
      </Section>
    </Configuration>

[0m[1m[2023-02-14 14:45:32.878] [0m[32;1m(INFO)[0m [Monitor.my_mon ]Monitor.my_mon is to be initialised...
[0m[1m[2023-02-14 14:45:32.879] [0m[32;1m(INFO)[0m [Monitor.my_mon ]TCPServer:: Listening on port 35817
[0m[1m[2023-02-14 14:45:32.979] [0m[32;1m(INFO)[0m [Producer.my_pd0 ]Receive an INI section
    <Configuration>
      <Section title="">
        <EUDAQ_LOG_ADDR>tcp://127.0.0.1:38497</EUDAQ_LOG_ADDR>
        <Name>/home/luke/eudaq/eudaq/user/scintcamera/misc/dummy.ini</Name>
      </Section>
    </Configuration>

[0m[1m[2023-02-14 14:45:32.979] [0m[32;1m(INFO)[0m [Producer.my_pd0 ]Producer.my_pd0 is to be initialised...
[0m[1m[2023-02-14 14:45:32.979] [0m[31;1m(DEBUG)[0m [Producer.my_pd0 ]Starting PROD INIT
[0m[1m[2023-02-14 14:45:33.369] [0m[31;1m(DEBUG)[0m [Producer.my_pd0 ]trying to open camera with SN 0815-0000
[0m[1m[2023-02-14 14:45:33.880] [0m[32;1m(INFO)[0m [Monitor.my_mon ]Monitor.my_mon is initialised.
[0m[1m[2023-02-14 14:45:33.919] [0m[31;1m(DEBUG)[0m [Producer.my_pd0 ]Finished PROD INIT
[0m[1m[2023-02-14 14:45:33.919] [0m[32;1m(INFO)[0m [Producer.my_pd0 ]Producer.my_pd0 is initialised.
[0m[1m[2023-02-14 14:45:35.214] [0m[32;1m(INFO)[0m [RunControl.RC-GUI ]Processing Configure command
[0m[1m[2023-02-14 14:45:35.215] [0m[32;1m(INFO)[0m [Monitor.my_mon ]Receive a CONF section
    <Configuration>
      <Section title="">
        <LogCollector.log>tcp://127.0.0.1:38497</LogCollector.log>
        <Monitor.my_mon>tcp://127.0.0.1:35817</Monitor.my_mon>
        <Name>/home/luke/eudaq/eudaq/user/scintcamera/misc/dummy.conf</Name>
      </Section>
    </Configuration>

[0m[1m[2023-02-14 14:45:35.215] [0m[32;1m(INFO)[0m [Producer.my_pd0 ]Receive a CONF section
    <Configuration>
      <Section title="">
        <LogCollector.log>tcp://127.0.0.1:38497</LogCollector.log>
        <Monitor.my_mon>tcp://127.0.0.1:35817</Monitor.my_mon>
        <Name>/home/luke/eudaq/eudaq/user/scintcamera/misc/dummy.conf</Name>
      </Section>
    </Configuration>

[0m[1m[2023-02-14 14:45:35.215] [0m[32;1m(INFO)[0m [Monitor.my_mon ]Monitor.my_mon is to be configured...
[0m[1m[2023-02-14 14:45:35.215] [0m[32;1m(INFO)[0m [Monitor.my_mon ]Monitor.my_mon is configured.
[0m[1m[2023-02-14 14:45:35.215] [0m[32;1m(INFO)[0m [Producer.my_pd0 ]Producer.my_pd0 is to be configured...
[0m[1m[2023-02-14 14:45:35.215] [0m[31;1m(DEBUG)[0m [Producer.my_pd0 ]Starting PROD CONF
[0m[1m[2023-02-14 14:45:35.215] [0m[31;1m(DEBUG)[0m [Producer.my_pd0 ]Finished PROD CONF
[0m[1m[2023-02-14 14:45:35.215] [0m[32;1m(INFO)[0m [Producer.my_pd0 ]Producer.my_pd0 is configured.
[0m[1m[2023-02-14 14:45:37.065] [0m[32;1m(INFO)[0m [RunControl.RC-GUI ]Processing StartRun command for RUN #6
[0m[1m[2023-02-14 14:45:37.165] [0m[32;1m(INFO)[0m [Monitor.my_mon ]RUN #6 is to be started...
[0m[1m[2023-02-14 14:45:37.166] [0m[32;1m(INFO)[0m [Monitor.my_mon ]RUN #6 is started.
[0m[1m[2023-02-14 14:45:39.266] [0m[32;1m(INFO)[0m [Producer.my_pd0 ]RUN #6 is to be started...
[0m[1m[2023-02-14 14:45:39.266] [0m[31;1m(DEBUG)[0m [Producer.my_pd0 ]Starting PROD STARTRUN
[0m[1m[2023-02-14 14:45:39.267] [0m[31;1m(DEBUG)[0m [Producer.my_pd0 ]Opened Camera
[0m[1m[2023-02-14 14:45:39.267] [0m[31;1m(DEBUG)[0m [Producer.my_pd0 ]Selecting Test Image
[0m[1m[2023-02-14 14:55:12.637] [0m[32;1m(INFO)[0m [RunControl.RC-GUI ]Processing Terminate command
