
*** LogCollector started at 1676386689 ***
[0m[1m[2023-02-14 14:58:10.034] [0m[32;1m(INFO)[0m [Producer.my_pd0 ]Receive an INI section
    <Configuration>
      <Section title="">
        <EUDAQ_LOG_ADDR>tcp://127.0.0.1:37175</EUDAQ_LOG_ADDR>
        <Name>/home/luke/eudaq/eudaq/user/scintcamera/misc/dummy.ini</Name>
      </Section>
    </Configuration>

[0m[1m[2023-02-14 14:58:10.035] [0m[32;1m(INFO)[0m [Producer.my_pd0 ]Producer.my_pd0 is to be initialised...
[0m[1m[2023-02-14 14:58:10.035] [0m[31;1m(DEBUG)[0m [Producer.my_pd0 ]Starting PROD INIT
[0m[1m[2023-02-14 14:58:10.135] [0m[32;1m(INFO)[0m [Monitor.my_mon ]Receive an INI section
    <Configuration>
      <Section title="">
        <EUDAQ_LOG_ADDR>tcp://127.0.0.1:37175</EUDAQ_LOG_ADDR>
        <Name>/home/luke/eudaq/eudaq/user/scintcamera/misc/dummy.ini</Name>
      </Section>
    </Configuration>

[0m[1m[2023-02-14 14:58:10.135] [0m[32;1m(INFO)[0m [Monitor.my_mon ]Monitor.my_mon is to be initialised...
[0m[1m[2023-02-14 14:58:10.136] [0m[32;1m(INFO)[0m [Monitor.my_mon ]TCPServer:: Listening on port 44267
[0m[1m[2023-02-14 14:58:10.343] [0m[31;1m(DEBUG)[0m [Producer.my_pd0 ]Number of Cameras: 1
[0m[1m[2023-02-14 14:58:10.605] [0m[31;1m(DEBUG)[0m [Producer.my_pd0 ]trying to open camera with Serial Number 0815-0000
[0m[1m[2023-02-14 14:58:11.137] [0m[32;1m(INFO)[0m [Monitor.my_mon ]Monitor.my_mon is initialised.
[0m[1m[2023-02-14 14:58:11.141] [0m[31;1m(DEBUG)[0m [Producer.my_pd0 ]Finished PROD INIT
[0m[1m[2023-02-14 14:58:11.142] [0m[32;1m(INFO)[0m [Producer.my_pd0 ]Producer.my_pd0 is initialised.
[0m[1m[2023-02-14 14:58:20.312] [0m[32;1m(INFO)[0m [RunControl.RC-GUI ]Processing Configure command
[0m[1m[2023-02-14 14:58:20.312] [0m[32;1m(INFO)[0m [Monitor.my_mon ]Receive a CONF section
    <Configuration>
      <Section title="">
        <LogCollector.log>tcp://127.0.0.1:37175</LogCollector.log>
        <Monitor.my_mon>tcp://127.0.0.1:44267</Monitor.my_mon>
        <Name>/home/luke/eudaq/eudaq/user/scintcamera/misc/dummy.conf</Name>
      </Section>
    </Configuration>

[0m[1m[2023-02-14 14:58:20.312] [0m[32;1m(INFO)[0m [Producer.my_pd0 ]Receive a CONF section
    <Configuration>
      <Section title="">
        <LogCollector.log>tcp://127.0.0.1:37175</LogCollector.log>
        <Monitor.my_mon>tcp://127.0.0.1:44267</Monitor.my_mon>
        <Name>/home/luke/eudaq/eudaq/user/scintcamera/misc/dummy.conf</Name>
      </Section>
    </Configuration>

[0m[1m[2023-02-14 14:58:20.312] [0m[32;1m(INFO)[0m [Monitor.my_mon ]Monitor.my_mon is to be configured...
[0m[1m[2023-02-14 14:58:20.312] [0m[32;1m(INFO)[0m [Producer.my_pd0 ]Producer.my_pd0 is to be configured...
[0m[1m[2023-02-14 14:58:20.312] [0m[31;1m(DEBUG)[0m [Producer.my_pd0 ]Starting PROD CONF
[0m[1m[2023-02-14 14:58:20.312] [0m[31;1m(DEBUG)[0m [Producer.my_pd0 ]Finished PROD CONF
[0m[1m[2023-02-14 14:58:20.312] [0m[32;1m(INFO)[0m [Monitor.my_mon ]Monitor.my_mon is configured.
[0m[1m[2023-02-14 14:58:20.312] [0m[32;1m(INFO)[0m [Producer.my_pd0 ]Producer.my_pd0 is configured.
[0m[1m[2023-02-14 14:58:26.712] [0m[32;1m(INFO)[0m [RunControl.RC-GUI ]Processing StartRun command for RUN #6
[0m[1m[2023-02-14 14:58:26.813] [0m[32;1m(INFO)[0m [Monitor.my_mon ]RUN #6 is to be started...
[0m[1m[2023-02-14 14:58:26.813] [0m[32;1m(INFO)[0m [Monitor.my_mon ]RUN #6 is started.
[0m[1m[2023-02-14 14:58:28.913] [0m[32;1m(INFO)[0m [Producer.my_pd0 ]RUN #6 is to be started...
[0m[1m[2023-02-14 14:58:28.913] [0m[31;1m(DEBUG)[0m [Producer.my_pd0 ]Starting PROD STARTRUN
[0m[1m[2023-02-14 14:58:28.914] [0m[31;1m(DEBUG)[0m [Producer.my_pd0 ]Opened Camera
[0m[1m[2023-02-14 14:58:28.914] [0m[31;1m(DEBUG)[0m [Producer.my_pd0 ]Selecting Test Image
[0m[1m[2023-02-14 14:58:28.915] [0m[31;1m(DEBUG)[0m [Producer.my_pd0 ]Test Image Succesfully Selected
[0m[1m[2023-02-14 14:58:28.915] [0m[31;1m(DEBUG)[0m [Producer.my_pd0 ]Finished PROF STARTRUN
[0m[1m[2023-02-14 14:58:28.915] [0m[32;1m(INFO)[0m [Producer.my_pd0 ]RUN #6 is started.
[0m[1m[2023-02-14 14:58:49.118] [0m[33;1m(WARN)[0m [Producer.my_pd0 ]CommandReceiver: User's RunLoop exits during the running (20 seconds ago)
[0m[1m[2023-02-14 14:59:31.958] [0m[32;1m(INFO)[0m [RunControl.RC-GUI ]Processing StopRun command for RUN #6
[0m[1m[2023-02-14 14:59:31.958] [0m[32;1m(INFO)[0m [Producer.my_pd0 ]RUN #6 is to be stopped...
[0m[1m[2023-02-14 14:59:32.127] [0m[32;1m(INFO)[0m [Producer.my_pd0 ]RUN #6 is stopped.
[0m[1m[2023-02-14 14:59:33.159] [0m[32;1m(INFO)[0m [Monitor.my_mon ]RUN #6 is to be stopped...
[0m[1m[2023-02-14 14:59:34.327] [0m[32;1m(INFO)[0m [Monitor.my_mon ]RUN #6 is stopped.
[0m[1m[2023-02-14 14:59:36.287] [0m[32;1m(INFO)[0m [RunControl.RC-GUI ]Processing Reset command
[0m[1m[2023-02-14 14:59:36.287] [0m[32;1m(INFO)[0m [Monitor.my_mon ]Monitor.my_mon is to be reset...
[0m[1m[2023-02-14 14:59:36.287] [0m[32;1m(INFO)[0m [Producer.my_pd0 ]Producer.my_pd0 is to be reset...
[0m[1m[2023-02-14 14:59:36.288] [0m[32;1m(INFO)[0m [Monitor.my_mon ]Monitor.my_mon is reset.
[0m[1m[2023-02-14 14:59:39.519] [0m[32;1m(INFO)[0m [RunControl.RC-GUI ]Processing Initialise command
[0m[1m[2023-02-14 14:59:39.519] [0m[32;1m(INFO)[0m [RunControl.RC-GUI ]Processing Initialise command for log
