
*** LogCollector started at 1676391959 ***
[0m[1m[2023-02-14 16:25:59.735] [0m[32;1m(INFO)[0m [Monitor.my_mon ]Receive an INI section
    <Configuration>
      <Section title="">
        <EUDAQ_LOG_ADDR>tcp://127.0.0.1:33225</EUDAQ_LOG_ADDR>
        <Name>/home/luke/eudaq/eudaq/user/scintcamera/misc/dummy.ini</Name>
      </Section>
    </Configuration>

[0m[1m[2023-02-14 16:25:59.735] [0m[32;1m(INFO)[0m [Monitor.my_mon ]Monitor.my_mon is to be initialised...
[0m[1m[2023-02-14 16:25:59.735] [0m[32;1m(INFO)[0m [Monitor.my_mon ]TCPServer:: Listening on port 37047
[0m[1m[2023-02-14 16:25:59.936] [0m[32;1m(INFO)[0m [Producer.my_pd0 ]Receive an INI section
    <Configuration>
      <Section title="">
        <EUDAQ_LOG_ADDR>tcp://127.0.0.1:33225</EUDAQ_LOG_ADDR>
        <Name>/home/luke/eudaq/eudaq/user/scintcamera/misc/dummy.ini</Name>
      </Section>
    </Configuration>

[0m[1m[2023-02-14 16:25:59.936] [0m[32;1m(INFO)[0m [Producer.my_pd0 ]Producer.my_pd0 is to be initialised...
[0m[1m[2023-02-14 16:25:59.936] [0m[31;1m(DEBUG)[0m [Producer.my_pd0 ]Starting PROD INIT
[0m[1m[2023-02-14 16:26:00.240] [0m[31;1m(DEBUG)[0m [Producer.my_pd0 ]Number of Cameras: 1
[0m[1m[2023-02-14 16:26:00.504] [0m[31;1m(DEBUG)[0m [Producer.my_pd0 ]trying to open camera with Serial Number 0815-0000
[0m[1m[2023-02-14 16:26:00.504] [0m[31;1m(DEBUG)[0m [Producer.my_pd0 ]The current state of selected camera 1835098996
[0m[1m[2023-02-14 16:26:00.737] [0m[32;1m(INFO)[0m [Monitor.my_mon ]Monitor.my_mon is initialised.
[0m[1m[2023-02-14 16:26:01.037] [0m[31;1m(DEBUG)[0m [Producer.my_pd0 ]Finished PROD INIT
[0m[1m[2023-02-14 16:26:01.038] [0m[32;1m(INFO)[0m [Producer.my_pd0 ]Producer.my_pd0 is initialised.
[0m[1m[2023-02-14 16:26:02.055] [0m[32;1m(INFO)[0m [RunControl.RC-GUI ]Processing Configure command
[0m[1m[2023-02-14 16:26:02.055] [0m[32;1m(INFO)[0m [Monitor.my_mon ]Receive a CONF section
    <Configuration>
      <Section title="">
        <LogCollector.log>tcp://127.0.0.1:33225</LogCollector.log>
        <Monitor.my_mon>tcp://127.0.0.1:37047</Monitor.my_mon>
        <Name>/home/luke/eudaq/eudaq/user/scintcamera/misc/dummy.conf</Name>
      </Section>
    </Configuration>

[0m[1m[2023-02-14 16:26:02.055] [0m[32;1m(INFO)[0m [Monitor.my_mon ]Monitor.my_mon is to be configured...
[0m[1m[2023-02-14 16:26:02.055] [0m[32;1m(INFO)[0m [Producer.my_pd0 ]Receive a CONF section
    <Configuration>
      <Section title="">
        <LogCollector.log>tcp://127.0.0.1:33225</LogCollector.log>
        <Monitor.my_mon>tcp://127.0.0.1:37047</Monitor.my_mon>
        <Name>/home/luke/eudaq/eudaq/user/scintcamera/misc/dummy.conf</Name>
      </Section>
    </Configuration>

[0m[1m[2023-02-14 16:26:02.055] [0m[32;1m(INFO)[0m [Producer.my_pd0 ]Producer.my_pd0 is to be configured...
[0m[1m[2023-02-14 16:26:02.056] [0m[32;1m(INFO)[0m [Monitor.my_mon ]Monitor.my_mon is configured.
[0m[1m[2023-02-14 16:26:02.056] [0m[31;1m(DEBUG)[0m [Producer.my_pd0 ]Starting PROD CONF
[0m[1m[2023-02-14 16:26:02.056] [0m[31;1m(DEBUG)[0m [Producer.my_pd0 ]Finished PROD CONF
[0m[1m[2023-02-14 16:26:02.056] [0m[32;1m(INFO)[0m [Producer.my_pd0 ]Producer.my_pd0 is configured.
[0m[1m[2023-02-14 16:26:05.376] [0m[32;1m(INFO)[0m [RunControl.RC-GUI ]Processing StartRun command for RUN #11
[0m[1m[2023-02-14 16:26:05.476] [0m[32;1m(INFO)[0m [Monitor.my_mon ]RUN #11 is to be started...
[0m[1m[2023-02-14 16:26:05.477] [0m[32;1m(INFO)[0m [Monitor.my_mon ]RUN #11 is started.
[0m[1m[2023-02-14 16:26:07.577] [0m[32;1m(INFO)[0m [Producer.my_pd0 ]RUN #11 is to be started...
[0m[1m[2023-02-14 16:26:07.577] [0m[31;1m(DEBUG)[0m [Producer.my_pd0 ]Starting PROD STARTRUN
[0m[1m[2023-02-14 16:26:07.578] [0m[31;1m(DEBUG)[0m [Producer.my_pd0 ]Succesfully Opened Camera
[0m[1m[2023-02-14 16:26:07.578] [0m[31;1m(DEBUG)[0m [Producer.my_pd0 ]Selecting Test Image
[0m[1m[2023-02-14 16:26:07.578] [0m[31;1m(DEBUG)[0m [Producer.my_pd0 ]Test Image Succesfully Selected
[0m[1m[2023-02-14 16:26:07.578] [0m[31;1m(DEBUG)[0m [Producer.my_pd0 ]Finished PROF STARTRUN
[0m[1m[2023-02-14 16:26:07.579] [0m[32;1m(INFO)[0m [Producer.my_pd0 ]RUN #11 is started.
[0m[1m[2023-02-14 16:26:27.784] [0m[33;1m(WARN)[0m [Producer.my_pd0 ]CommandReceiver: User's RunLoop exits during the running (20 seconds ago)
[0m[1m[2023-02-14 16:26:34.173] [0m[32;1m(INFO)[0m [RunControl.RC-GUI ]Processing StopRun command for RUN #11
[0m[1m[2023-02-14 16:26:34.173] [0m[32;1m(INFO)[0m [Producer.my_pd0 ]RUN #11 is to be stopped...
[0m[1m[2023-02-14 16:26:34.286] [0m[32;1m(INFO)[0m [Producer.my_pd0 ]RUN #11 is stopped.
[0m[1m[2023-02-14 16:26:35.374] [0m[32;1m(INFO)[0m [Monitor.my_mon ]RUN #11 is to be stopped...
[0m[1m[2023-02-14 16:26:35.984] [0m[32;1m(INFO)[0m [Monitor.my_mon ]RUN #11 is stopped.
[0m[1m[2023-02-14 16:26:38.920] [0m[32;1m(INFO)[0m [RunControl.RC-GUI ]Processing StartRun command for RUN #12
[0m[1m[2023-02-14 16:26:39.021] [0m[32;1m(INFO)[0m [Monitor.my_mon ]RUN #12 is to be started...
[0m[1m[2023-02-14 16:26:39.021] [0m[32;1m(INFO)[0m [Monitor.my_mon ]RUN #12 is started.
[0m[1m[2023-02-14 16:26:41.121] [0m[32;1m(INFO)[0m [Producer.my_pd0 ]RUN #12 is to be started...
[0m[1m[2023-02-14 16:26:41.121] [0m[31;1m(DEBUG)[0m [Producer.my_pd0 ]Starting PROD STARTRUN
[0m[1m[2023-02-14 16:26:41.121] [0m[31;1m(THROW)[0m [Producer.my_pd0 ]No Camera attached
  From /home/luke/eudaq/eudaq/user/scintcamera/module/src/DummyProducer.cc:181
  In virtual void DummyProducer::DoStartRun()
[0m[1m[2023-02-14 16:27:05.322] [0m[32;1m(INFO)[0m [RunControl.RC-GUI ]Processing Terminate command
