
*** LogCollector started at 1676387070 ***
[0m[1m[2023-02-14 15:04:30.478] [0m[32;1m(INFO)[0m [Monitor.my_mon ]Receive an INI section
    <Configuration>
      <Section title="">
        <EUDAQ_LOG_ADDR>tcp://127.0.0.1:33099</EUDAQ_LOG_ADDR>
        <Name>/home/luke/eudaq/eudaq/user/scintcamera/misc/dummy.ini</Name>
      </Section>
    </Configuration>

[0m[1m[2023-02-14 15:04:30.478] [0m[32;1m(INFO)[0m [Monitor.my_mon ]Monitor.my_mon is to be initialised...
[0m[1m[2023-02-14 15:04:30.479] [0m[32;1m(INFO)[0m [Monitor.my_mon ]TCPServer:: Listening on port 37189
[0m[1m[2023-02-14 15:04:30.679] [0m[32;1m(INFO)[0m [Producer.my_pd0 ]Receive an INI section
    <Configuration>
      <Section title="">
        <EUDAQ_LOG_ADDR>tcp://127.0.0.1:33099</EUDAQ_LOG_ADDR>
        <Name>/home/luke/eudaq/eudaq/user/scintcamera/misc/dummy.ini</Name>
      </Section>
    </Configuration>

[0m[1m[2023-02-14 15:04:30.680] [0m[32;1m(INFO)[0m [Producer.my_pd0 ]Producer.my_pd0 is to be initialised...
[0m[1m[2023-02-14 15:04:30.680] [0m[31;1m(DEBUG)[0m [Producer.my_pd0 ]Starting PROD INIT
[0m[1m[2023-02-14 15:04:30.984] [0m[31;1m(DEBUG)[0m [Producer.my_pd0 ]Number of Cameras: 1
[0m[1m[2023-02-14 15:04:31.246] [0m[31;1m(DEBUG)[0m [Producer.my_pd0 ]trying to open camera with Serial Number 0815-0000
[0m[1m[2023-02-14 15:04:31.480] [0m[32;1m(INFO)[0m [Monitor.my_mon ]Monitor.my_mon is initialised.
[0m[1m[2023-02-14 15:04:31.775] [0m[31;1m(DEBUG)[0m [Producer.my_pd0 ]Finished PROD INIT
[0m[1m[2023-02-14 15:04:31.776] [0m[32;1m(INFO)[0m [Producer.my_pd0 ]Producer.my_pd0 is initialised.
[0m[1m[2023-02-14 15:04:37.011] [0m[32;1m(INFO)[0m [RunControl.RC-GUI ]Processing Configure command
[0m[1m[2023-02-14 15:04:37.012] [0m[32;1m(INFO)[0m [Producer.my_pd0 ]Receive a CONF section
    <Configuration>
      <Section title="">
        <LogCollector.log>tcp://127.0.0.1:33099</LogCollector.log>
        <Monitor.my_mon>tcp://127.0.0.1:37189</Monitor.my_mon>
        <Name>/home/luke/eudaq/eudaq/user/scintcamera/misc/dummy.conf</Name>
      </Section>
    </Configuration>

[0m[1m[2023-02-14 15:04:37.012] [0m[32;1m(INFO)[0m [Monitor.my_mon ]Receive a CONF section
    <Configuration>
      <Section title="">
        <LogCollector.log>tcp://127.0.0.1:33099</LogCollector.log>
        <Monitor.my_mon>tcp://127.0.0.1:37189</Monitor.my_mon>
        <Name>/home/luke/eudaq/eudaq/user/scintcamera/misc/dummy.conf</Name>
      </Section>
    </Configuration>

[0m[1m[2023-02-14 15:04:37.012] [0m[32;1m(INFO)[0m [Monitor.my_mon ]Monitor.my_mon is to be configured...
[0m[1m[2023-02-14 15:04:37.012] [0m[32;1m(INFO)[0m [Producer.my_pd0 ]Producer.my_pd0 is to be configured...
[0m[1m[2023-02-14 15:04:37.012] [0m[32;1m(INFO)[0m [Monitor.my_mon ]Monitor.my_mon is configured.
[0m[1m[2023-02-14 15:04:37.012] [0m[31;1m(DEBUG)[0m [Producer.my_pd0 ]Starting PROD CONF
[0m[1m[2023-02-14 15:04:37.012] [0m[31;1m(DEBUG)[0m [Producer.my_pd0 ]Finished PROD CONF
[0m[1m[2023-02-14 15:04:37.012] [0m[32;1m(INFO)[0m [Producer.my_pd0 ]Producer.my_pd0 is configured.
[0m[1m[2023-02-14 15:04:48.175] [0m[32;1m(INFO)[0m [RunControl.RC-GUI ]Processing StartRun command for RUN #9
[0m[1m[2023-02-14 15:04:48.275] [0m[32;1m(INFO)[0m [Monitor.my_mon ]RUN #9 is to be started...
[0m[1m[2023-02-14 15:04:48.276] [0m[32;1m(INFO)[0m [Monitor.my_mon ]RUN #9 is started.
[0m[1m[2023-02-14 15:04:50.376] [0m[32;1m(INFO)[0m [Producer.my_pd0 ]RUN #9 is to be started...
[0m[1m[2023-02-14 15:04:50.376] [0m[31;1m(DEBUG)[0m [Producer.my_pd0 ]Starting PROD STARTRUN
[0m[1m[2023-02-14 15:04:50.377] [0m[31;1m(DEBUG)[0m [Producer.my_pd0 ]Opened Camera
[0m[1m[2023-02-14 15:04:50.377] [0m[31;1m(DEBUG)[0m [Producer.my_pd0 ]Selecting Test Image
[0m[1m[2023-02-14 15:04:50.378] [0m[31;1m(DEBUG)[0m [Producer.my_pd0 ]Test Image Succesfully Selected
[0m[1m[2023-02-14 15:04:50.378] [0m[31;1m(DEBUG)[0m [Producer.my_pd0 ]Finished PROF STARTRUN
[0m[1m[2023-02-14 15:04:50.378] [0m[32;1m(INFO)[0m [Producer.my_pd0 ]RUN #9 is started.
[0m[1m[2023-02-14 15:05:10.595] [0m[33;1m(WARN)[0m [Producer.my_pd0 ]CommandReceiver: User's RunLoop exits during the running (20 seconds ago)
[0m[1m[2023-02-14 15:11:28.148] [0m[32;1m(INFO)[0m [RunControl.RC-GUI ]Processing StopRun command for RUN #9
[0m[1m[2023-02-14 15:11:28.148] [0m[32;1m(INFO)[0m [Producer.my_pd0 ]RUN #9 is to be stopped...
[0m[1m[2023-02-14 15:11:28.175] [0m[32;1m(INFO)[0m [Producer.my_pd0 ]RUN #9 is stopped.
[0m[1m[2023-02-14 15:11:29.248] [0m[32;1m(INFO)[0m [Monitor.my_mon ]RUN #9 is to be stopped...
[0m[1m[2023-02-14 15:11:30.358] [0m[32;1m(INFO)[0m [Monitor.my_mon ]RUN #9 is stopped.
[0m[1m[2023-02-14 15:11:33.511] [0m[32;1m(INFO)[0m [RunControl.RC-GUI ]Processing Reset command
[0m[1m[2023-02-14 15:11:33.511] [0m[32;1m(INFO)[0m [Monitor.my_mon ]Monitor.my_mon is to be reset...
[0m[1m[2023-02-14 15:11:33.511] [0m[32;1m(INFO)[0m [Monitor.my_mon ]Monitor.my_mon is reset.
[0m[1m[2023-02-14 15:11:33.511] [0m[32;1m(INFO)[0m [Producer.my_pd0 ]Producer.my_pd0 is to be reset...
[0m[1m[2023-02-14 15:12:02.327] [0m[32;1m(INFO)[0m [RunControl.RC-GUI ]Processing Terminate command
