
*** LogCollector started at 1676332808 ***
[0m[1m[2023-02-14 00:00:08.918] [0m[32;1m(INFO)[0m [Monitor.my_mon ]Receive an INI section
    <Configuration>
      <Section title="">
        <EUDAQ_LOG_ADDR>tcp://127.0.0.1:36949</EUDAQ_LOG_ADDR>
        <Name>/home/luke/eudaq/eudaq/user/scintcamera/misc/dummy.ini</Name>
      </Section>
    </Configuration>

[0m[1m[2023-02-14 00:00:08.918] [0m[32;1m(INFO)[0m [Monitor.my_mon ]Monitor.my_mon is to be initialised...
[0m[1m[2023-02-14 00:00:08.918] [0m[32;1m(INFO)[0m [Monitor.my_mon ]TCPServer:: Listening on port 41961
[0m[1m[2023-02-14 00:00:09.019] [0m[32;1m(INFO)[0m [Producer.my_pd0 ]Receive an INI section
    <Configuration>
      <Section title="">
        <EUDAQ_LOG_ADDR>tcp://127.0.0.1:36949</EUDAQ_LOG_ADDR>
        <Name>/home/luke/eudaq/eudaq/user/scintcamera/misc/dummy.ini</Name>
      </Section>
    </Configuration>

[0m[1m[2023-02-14 00:00:09.019] [0m[32;1m(INFO)[0m [Producer.my_pd0 ]Producer.my_pd0 is to be initialised...
[0m[1m[2023-02-14 00:00:09.019] [0m[31;1m(DEBUG)[0m [Producer.my_pd0 ]Starting PROD INIT
[0m[1m[2023-02-14 00:00:09.919] [0m[32;1m(INFO)[0m [Monitor.my_mon ]Monitor.my_mon is initialised.
[0m[1m[2023-02-14 00:00:09.929] [0m[31;1m(DEBUG)[0m [Producer.my_pd0 ]Finished PROD INIT
[0m[1m[2023-02-14 00:00:09.930] [0m[32;1m(INFO)[0m [Producer.my_pd0 ]Producer.my_pd0 is initialised.
[0m[1m[2023-02-14 00:00:11.397] [0m[32;1m(INFO)[0m [RunControl.RC-GUI ]Processing Configure command
[0m[1m[2023-02-14 00:00:11.397] [0m[32;1m(INFO)[0m [Producer.my_pd0 ]Receive a CONF section
    <Configuration>
      <Section title="">
        <LogCollector.log>tcp://127.0.0.1:36949</LogCollector.log>
        <Monitor.my_mon>tcp://127.0.0.1:41961</Monitor.my_mon>
        <Name>/home/luke/eudaq/eudaq/user/scintcamera/misc/dummy.conf</Name>
      </Section>
    </Configuration>

[0m[1m[2023-02-14 00:00:11.397] [0m[32;1m(INFO)[0m [Monitor.my_mon ]Receive a CONF section
    <Configuration>
      <Section title="">
        <LogCollector.log>tcp://127.0.0.1:36949</LogCollector.log>
        <Monitor.my_mon>tcp://127.0.0.1:41961</Monitor.my_mon>
        <Name>/home/luke/eudaq/eudaq/user/scintcamera/misc/dummy.conf</Name>
      </Section>
    </Configuration>

[0m[1m[2023-02-14 00:00:11.397] [0m[32;1m(INFO)[0m [Monitor.my_mon ]Monitor.my_mon is to be configured...
[0m[1m[2023-02-14 00:00:11.397] [0m[32;1m(INFO)[0m [Producer.my_pd0 ]Producer.my_pd0 is to be configured...
[0m[1m[2023-02-14 00:00:11.397] [0m[31;1m(DEBUG)[0m [Producer.my_pd0 ]Starting PROD CONF
[0m[1m[2023-02-14 00:00:11.397] [0m[32;1m(INFO)[0m [Monitor.my_mon ]Monitor.my_mon is configured.
[0m[1m[2023-02-14 00:00:11.397] [0m[31;1m(DEBUG)[0m [Producer.my_pd0 ]Finished PROD CONF
[0m[1m[2023-02-14 00:00:11.397] [0m[32;1m(INFO)[0m [Producer.my_pd0 ]Producer.my_pd0 is configured.
[0m[1m[2023-02-14 00:00:14.902] [0m[32;1m(INFO)[0m [RunControl.RC-GUI ]Processing Configure command
[0m[1m[2023-02-14 00:00:14.902] [0m[32;1m(INFO)[0m [Producer.my_pd0 ]Receive a CONF section
    <Configuration>
      <Section title="">
        <LogCollector.log>tcp://127.0.0.1:36949</LogCollector.log>
        <Monitor.my_mon>tcp://127.0.0.1:41961</Monitor.my_mon>
        <Name>/home/luke/eudaq/eudaq/user/scintcamera/misc/dummy.conf</Name>
      </Section>
    </Configuration>

[0m[1m[2023-02-14 00:00:14.902] [0m[32;1m(INFO)[0m [Monitor.my_mon ]Receive a CONF section
    <Configuration>
      <Section title="">
        <LogCollector.log>tcp://127.0.0.1:36949</LogCollector.log>
        <Monitor.my_mon>tcp://127.0.0.1:41961</Monitor.my_mon>
        <Name>/home/luke/eudaq/eudaq/user/scintcamera/misc/dummy.conf</Name>
      </Section>
    </Configuration>

[0m[1m[2023-02-14 00:00:14.903] [0m[32;1m(INFO)[0m [Monitor.my_mon ]Monitor.my_mon is to be configured...
[0m[1m[2023-02-14 00:00:14.902] [0m[32;1m(INFO)[0m [Producer.my_pd0 ]Producer.my_pd0 is to be configured...
[0m[1m[2023-02-14 00:00:14.903] [0m[32;1m(INFO)[0m [Monitor.my_mon ]Monitor.my_mon is configured.
[0m[1m[2023-02-14 00:00:14.903] [0m[31;1m(DEBUG)[0m [Producer.my_pd0 ]Starting PROD CONF
[0m[1m[2023-02-14 00:00:14.903] [0m[31;1m(DEBUG)[0m [Producer.my_pd0 ]Finished PROD CONF
[0m[1m[2023-02-14 00:00:14.903] [0m[32;1m(INFO)[0m [Producer.my_pd0 ]Producer.my_pd0 is configured.
[0m[1m[2023-02-14 00:00:16.409] [0m[32;1m(INFO)[0m [RunControl.RC-GUI ]Processing StartRun command for RUN #6
[0m[1m[2023-02-14 00:00:16.509] [0m[32;1m(INFO)[0m [Monitor.my_mon ]RUN #6 is to be started...
[0m[1m[2023-02-14 00:00:16.510] [0m[32;1m(INFO)[0m [Monitor.my_mon ]RUN #6 is started.
[0m[1m[2023-02-14 00:00:18.610] [0m[32;1m(INFO)[0m [Producer.my_pd0 ]RUN #6 is to be started...
[0m[1m[2023-02-14 00:00:18.610] [0m[31;1m(DEBUG)[0m [Producer.my_pd0 ]Starting PROD STARTRUN
[0m[1m[2023-02-14 00:00:18.611] [0m[31;1m(DEBUG)[0m [Producer.my_pd0 ]Opened Camera
[0m[1m[2023-02-14 00:00:18.611] [0m[31;1m(DEBUG)[0m [Producer.my_pd0 ]Selecting Test Image
[0m[1m[2023-02-14 00:01:57.139] [0m[32;1m(INFO)[0m [RunControl.RC-GUI ]Refused connect:    
[0m[1m[2023-02-14 00:01:58.039] [0m[32;1m(INFO)[0m [RunControl.RC-GUI ]Refused connect:    
[0m[1m[2023-02-14 00:01:58.080] [0m[32;1m(INFO)[0m [RunControl.RC-GUI ]Refused connect:    
[0m[1m[2023-02-14 00:02:07.084] [0m[32;1m(INFO)[0m [RunControl.RC-GUI ]Processing Terminate command
