
*** LogCollector started at 1676329418 ***
[0m[1m[2023-02-13 23:03:38.088] [0m[32;1m(INFO)[0m [Monitor.my_mon ]Receive an INI section
    <Configuration>
      <Section title="">
        <EUDAQ_LOG_ADDR>tcp://127.0.0.1:38209</EUDAQ_LOG_ADDR>
        <Name>/home/luke/eudaq/eudaq/user/scintcamera/misc/dummy.ini</Name>
      </Section>
    </Configuration>

[0m[1m[2023-02-13 23:03:38.088] [0m[32;1m(INFO)[0m [Monitor.my_mon ]Monitor.my_mon is to be initialised...
[0m[1m[2023-02-13 23:03:38.088] [0m[32;1m(INFO)[0m [Monitor.my_mon ]TCPServer:: Listening on port 44097
[0m[1m[2023-02-13 23:03:38.289] [0m[32;1m(INFO)[0m [Producer.my_pd0 ]Receive an INI section
    <Configuration>
      <Section title="">
        <EUDAQ_LOG_ADDR>tcp://127.0.0.1:38209</EUDAQ_LOG_ADDR>
        <Name>/home/luke/eudaq/eudaq/user/scintcamera/misc/dummy.ini</Name>
      </Section>
    </Configuration>

[0m[1m[2023-02-13 23:03:38.290] [0m[32;1m(INFO)[0m [Producer.my_pd0 ]Producer.my_pd0 is to be initialised...
[0m[1m[2023-02-13 23:03:38.294] [0m[32;1m(INFO)[0m [Producer.my_pd0 ]Producer.my_pd0 is initialised.
[0m[1m[2023-02-13 23:03:39.090] [0m[32;1m(INFO)[0m [Monitor.my_mon ]Monitor.my_mon is initialised.
[0m[1m[2023-02-13 23:03:40.245] [0m[32;1m(INFO)[0m [RunControl.RC-GUI ]Processing Configure command
[0m[1m[2023-02-13 23:03:40.245] [0m[32;1m(INFO)[0m [Monitor.my_mon ]Receive a CONF section
    <Configuration>
      <Section title="">
        <LogCollector.log>tcp://127.0.0.1:38209</LogCollector.log>
        <Monitor.my_mon>tcp://127.0.0.1:44097</Monitor.my_mon>
        <Name>/home/luke/eudaq/eudaq/user/scintcamera/misc/dummy.conf</Name>
      </Section>
    </Configuration>

[0m[1m[2023-02-13 23:03:40.246] [0m[32;1m(INFO)[0m [Monitor.my_mon ]Monitor.my_mon is to be configured...
[0m[1m[2023-02-13 23:03:40.245] [0m[32;1m(INFO)[0m [Producer.my_pd0 ]Receive a CONF section
    <Configuration>
      <Section title="">
        <LogCollector.log>tcp://127.0.0.1:38209</LogCollector.log>
        <Monitor.my_mon>tcp://127.0.0.1:44097</Monitor.my_mon>
        <Name>/home/luke/eudaq/eudaq/user/scintcamera/misc/dummy.conf</Name>
      </Section>
    </Configuration>

[0m[1m[2023-02-13 23:03:40.246] [0m[32;1m(INFO)[0m [Producer.my_pd0 ]Producer.my_pd0 is to be configured...
[0m[1m[2023-02-13 23:03:40.246] [0m[32;1m(INFO)[0m [Monitor.my_mon ]Monitor.my_mon is configured.
[0m[1m[2023-02-13 23:03:40.246] [0m[32;1m(INFO)[0m [Producer.my_pd0 ]Producer.my_pd0 is configured.
[0m[1m[2023-02-13 23:03:41.796] [0m[32;1m(INFO)[0m [RunControl.RC-GUI ]Processing StartRun command for RUN #6
[0m[1m[2023-02-13 23:03:41.896] [0m[32;1m(INFO)[0m [Monitor.my_mon ]RUN #6 is to be started...
[0m[1m[2023-02-13 23:03:41.897] [0m[32;1m(INFO)[0m [Monitor.my_mon ]RUN #6 is started.
[0m[1m[2023-02-13 23:03:43.997] [0m[32;1m(INFO)[0m [Producer.my_pd0 ]RUN #6 is to be started...
[0m[1m[2023-02-13 23:03:56.857] [0m[32;1m(INFO)[0m [RunControl.RC-GUI ]Processing Terminate command
